SCORES FOR THE GROUP: LSTM_NER RUN=3

Strict matching (boundaries + type)
cor	inc	par	mis	spu	total	prec	recall	F1
951	563	0	257	211	1771	0.55	0.54	0.54



Exact matching
cor	inc	par	mis	spu	total	prec	recall	F1
987	527	0	257	211	1771	0.57	0.56	0.56



Partial matching
cor	inc	par	mis	spu	total	prec	recall	F1
987	0	527	257	211	1771	0.57	0.71	0.63



type matching
cor	inc	par	mis	spu	total	prec	recall	F1
1461	53	0	257	211	1771	0.85	0.82	0.84



SCORES FOR ENTITY TYPE
Exact matching on drug
cor	inc	par	mis	spu	total	prec	recall	F1
726	124	0	195	95	1045	0.77	0.69	0.73


Exact matching on brand
cor	inc	par	mis	spu	total	prec	recall	F1
40	1	0	139	2	180	0.93	0.22	0.36


Exact matching on group
cor	inc	par	mis	spu	total	prec	recall	F1
175	386	0	-107	129	454	0.25	0.39	0.31


Exact matching on drug_n
cor	inc	par	mis	spu	total	prec	recall	F1
10	0	0	82	0	92	1	0.11	0.2


MACRO-AVERAGE MEASURES:
P	R	F1
0.74	0.35	0.4
________________________________________________________________________

