SCORES FOR THE GROUP: LSTM_NER RUN=15

Strict matching (boundaries + type)
cor	inc	par	mis	spu	total	prec	recall	F1
1090	628	0	53	200	1771	0.57	0.62	0.59



Exact matching
cor	inc	par	mis	spu	total	prec	recall	F1
1147	571	0	53	200	1771	0.6	0.65	0.62



Partial matching
cor	inc	par	mis	spu	total	prec	recall	F1
1147	0	571	53	200	1771	0.6	0.81	0.69



type matching
cor	inc	par	mis	spu	total	prec	recall	F1
1603	115	0	53	200	1771	0.84	0.91	0.87



SCORES FOR ENTITY TYPE
Exact matching on drug
cor	inc	par	mis	spu	total	prec	recall	F1
813	117	0	115	86	1045	0.8	0.78	0.79


Exact matching on brand
cor	inc	par	mis	spu	total	prec	recall	F1
119	2	0	59	8	180	0.92	0.66	0.77


Exact matching on group
cor	inc	par	mis	spu	total	prec	recall	F1
158	394	0	-98	114	454	0.24	0.35	0.28


Exact matching on drug_n
cor	inc	par	mis	spu	total	prec	recall	F1
0	0	0	92	0	92	0	0	0


MACRO-AVERAGE MEASURES:
P	R	F1
0.49	0.45	0.46
________________________________________________________________________

