SCORES FOR THE GROUP: LSTM_NER RUN=52

Strict matching (boundaries + type)
cor	inc	par	mis	spu	total	prec	recall	F1
1194	776	0	-199	151	1771	0.56	0.67	0.61



Exact matching
cor	inc	par	mis	spu	total	prec	recall	F1
1259	711	0	-199	151	1771	0.59	0.71	0.65



Partial matching
cor	inc	par	mis	spu	total	prec	recall	F1
1259	0	711	-199	151	1771	0.59	0.91	0.72



type matching
cor	inc	par	mis	spu	total	prec	recall	F1
1837	133	0	-199	151	1771	0.87	1.04	0.94



SCORES FOR ENTITY TYPE
Exact matching on drug
cor	inc	par	mis	spu	total	prec	recall	F1
824	125	0	96	45	1045	0.83	0.79	0.81


Exact matching on brand
cor	inc	par	mis	spu	total	prec	recall	F1
139	3	0	38	6	180	0.94	0.77	0.85


Exact matching on group
cor	inc	par	mis	spu	total	prec	recall	F1
186	493	0	-225	67	454	0.25	0.41	0.31


Exact matching on drug_n
cor	inc	par	mis	spu	total	prec	recall	F1
45	24	0	23	42	92	0.41	0.49	0.44


MACRO-AVERAGE MEASURES:
P	R	F1
0.61	0.61	0.6
________________________________________________________________________

