SCORES FOR THE GROUP: LSTM_NER RUN=20

Strict matching (boundaries + type)
cor	inc	par	mis	spu	total	prec	recall	F1
1042	607	0	122	411	1771	0.51	0.59	0.54



Exact matching
cor	inc	par	mis	spu	total	prec	recall	F1
1111	538	0	122	411	1771	0.54	0.63	0.58



Partial matching
cor	inc	par	mis	spu	total	prec	recall	F1
1111	0	538	122	411	1771	0.54	0.78	0.64



type matching
cor	inc	par	mis	spu	total	prec	recall	F1
1541	108	0	122	411	1771	0.75	0.87	0.8



SCORES FOR ENTITY TYPE
Exact matching on drug
cor	inc	par	mis	spu	total	prec	recall	F1
746	121	0	178	206	1045	0.7	0.71	0.7


Exact matching on brand
cor	inc	par	mis	spu	total	prec	recall	F1
115	2	0	63	14	180	0.88	0.64	0.74


Exact matching on group
cor	inc	par	mis	spu	total	prec	recall	F1
168	372	0	-86	174	454	0.24	0.37	0.29


Exact matching on drug_n
cor	inc	par	mis	spu	total	prec	recall	F1
13	6	0	73	16	92	0.37	0.14	0.2


MACRO-AVERAGE MEASURES:
P	R	F1
0.54	0.47	0.48
________________________________________________________________________

