SCORES FOR THE GROUP: LSTM_NER RUN=17

Strict matching (boundaries + type)
cor	inc	par	mis	spu	total	prec	recall	F1
967	545	0	259	330	1771	0.52	0.55	0.54



Exact matching
cor	inc	par	mis	spu	total	prec	recall	F1
1009	503	0	259	330	1771	0.55	0.57	0.56



Partial matching
cor	inc	par	mis	spu	total	prec	recall	F1
1009	0	503	259	330	1771	0.55	0.71	0.62



type matching
cor	inc	par	mis	spu	total	prec	recall	F1
1445	67	0	259	330	1771	0.78	0.82	0.8



SCORES FOR ENTITY TYPE
Exact matching on drug
cor	inc	par	mis	spu	total	prec	recall	F1
686	109	0	250	156	1045	0.72	0.66	0.69


Exact matching on brand
cor	inc	par	mis	spu	total	prec	recall	F1
96	2	0	82	16	180	0.84	0.53	0.65


Exact matching on group
cor	inc	par	mis	spu	total	prec	recall	F1
169	367	0	-82	164	454	0.24	0.37	0.29


Exact matching on drug_n
cor	inc	par	mis	spu	total	prec	recall	F1
16	0	0	76	5	92	0.76	0.17	0.28


MACRO-AVERAGE MEASURES:
P	R	F1
0.64	0.43	0.48
________________________________________________________________________

