SCORES FOR THE GROUP: LSTM_NER RUN=34

Strict matching (boundaries + type)
cor	inc	par	mis	spu	total	prec	recall	F1
1206	678	0	-113	111	1771	0.6	0.68	0.64



Exact matching
cor	inc	par	mis	spu	total	prec	recall	F1
1254	630	0	-113	111	1771	0.63	0.71	0.67



Partial matching
cor	inc	par	mis	spu	total	prec	recall	F1
1254	0	630	-113	111	1771	0.63	0.89	0.74



type matching
cor	inc	par	mis	spu	total	prec	recall	F1
1801	83	0	-113	111	1771	0.9	1.02	0.96



SCORES FOR ENTITY TYPE
Exact matching on drug
cor	inc	par	mis	spu	total	prec	recall	F1
845	131	0	69	66	1045	0.81	0.81	0.81


Exact matching on brand
cor	inc	par	mis	spu	total	prec	recall	F1
138	3	0	39	6	180	0.94	0.77	0.84


Exact matching on group
cor	inc	par	mis	spu	total	prec	recall	F1
187	455	0	-188	44	454	0.27	0.41	0.33


Exact matching on drug_n
cor	inc	par	mis	spu	total	prec	recall	F1
36	6	0	50	8	92	0.72	0.39	0.51


MACRO-AVERAGE MEASURES:
P	R	F1
0.69	0.59	0.62
________________________________________________________________________

