SCORES FOR THE GROUP: LSTM_NER RUN=60

Strict matching (boundaries + type)
cor	inc	par	mis	spu	total	prec	recall	F1
1170	730	0	-129	123	1771	0.58	0.66	0.62



Exact matching
cor	inc	par	mis	spu	total	prec	recall	F1
1229	671	0	-129	123	1771	0.61	0.69	0.65



Partial matching
cor	inc	par	mis	spu	total	prec	recall	F1
1229	0	671	-129	123	1771	0.61	0.88	0.72



type matching
cor	inc	par	mis	spu	total	prec	recall	F1
1788	112	0	-129	123	1771	0.88	1.01	0.94



SCORES FOR ENTITY TYPE
Exact matching on drug
cor	inc	par	mis	spu	total	prec	recall	F1
823	124	0	98	56	1045	0.82	0.79	0.8


Exact matching on brand
cor	inc	par	mis	spu	total	prec	recall	F1
126	6	0	48	5	180	0.92	0.7	0.79


Exact matching on group
cor	inc	par	mis	spu	total	prec	recall	F1
189	472	0	-207	50	454	0.27	0.42	0.32


Exact matching on drug_n
cor	inc	par	mis	spu	total	prec	recall	F1
32	18	0	42	22	92	0.44	0.35	0.39


MACRO-AVERAGE MEASURES:
P	R	F1
0.61	0.56	0.58
________________________________________________________________________

