SCORES FOR THE GROUP: LSTM_NER RUN=18

Strict matching (boundaries + type)
cor	inc	par	mis	spu	total	prec	recall	F1
933	500	0	338	265	1771	0.55	0.53	0.54



Exact matching
cor	inc	par	mis	spu	total	prec	recall	F1
948	485	0	338	265	1771	0.56	0.54	0.55



Partial matching
cor	inc	par	mis	spu	total	prec	recall	F1
948	0	485	338	265	1771	0.56	0.67	0.61



type matching
cor	inc	par	mis	spu	total	prec	recall	F1
1401	32	0	338	265	1771	0.83	0.79	0.81



SCORES FOR ENTITY TYPE
Exact matching on drug
cor	inc	par	mis	spu	total	prec	recall	F1
662	106	0	277	120	1045	0.75	0.63	0.68


Exact matching on brand
cor	inc	par	mis	spu	total	prec	recall	F1
92	1	0	87	10	180	0.89	0.51	0.65


Exact matching on group
cor	inc	par	mis	spu	total	prec	recall	F1
171	360	0	-77	138	454	0.26	0.38	0.3


Exact matching on drug_n
cor	inc	par	mis	spu	total	prec	recall	F1
8	1	0	83	1	92	0.8	0.09	0.16


MACRO-AVERAGE MEASURES:
P	R	F1
0.67	0.4	0.45
________________________________________________________________________

