SCORES FOR THE GROUP: LSTM_NER RUN=4

Strict matching (boundaries + type)
cor	inc	par	mis	spu	total	prec	recall	F1
906	554	0	311	274	1771	0.52	0.51	0.52



Exact matching
cor	inc	par	mis	spu	total	prec	recall	F1
946	514	0	311	274	1771	0.55	0.53	0.54



Partial matching
cor	inc	par	mis	spu	total	prec	recall	F1
946	0	514	311	274	1771	0.55	0.68	0.61



type matching
cor	inc	par	mis	spu	total	prec	recall	F1
1392	68	0	311	274	1771	0.8	0.79	0.79



SCORES FOR ENTITY TYPE
Exact matching on drug
cor	inc	par	mis	spu	total	prec	recall	F1
700	118	0	227	150	1045	0.72	0.67	0.7


Exact matching on brand
cor	inc	par	mis	spu	total	prec	recall	F1
33	3	0	144	1	180	0.89	0.18	0.3


Exact matching on group
cor	inc	par	mis	spu	total	prec	recall	F1
168	366	0	-80	142	454	0.25	0.37	0.3


Exact matching on drug_n
cor	inc	par	mis	spu	total	prec	recall	F1
5	0	0	87	0	92	1	0.05	0.1


MACRO-AVERAGE MEASURES:
P	R	F1
0.72	0.32	0.35
________________________________________________________________________

