SCORES FOR THE GROUP: LSTM_NER RUN=5

Strict matching (boundaries + type)
cor	inc	par	mis	spu	total	prec	recall	F1
1020	636	0	115	232	1771	0.54	0.58	0.56



Exact matching
cor	inc	par	mis	spu	total	prec	recall	F1
1072	584	0	115	232	1771	0.57	0.61	0.59



Partial matching
cor	inc	par	mis	spu	total	prec	recall	F1
1072	0	584	115	232	1771	0.57	0.77	0.65



type matching
cor	inc	par	mis	spu	total	prec	recall	F1
1579	77	0	115	232	1771	0.84	0.89	0.86



SCORES FOR ENTITY TYPE
Exact matching on drug
cor	inc	par	mis	spu	total	prec	recall	F1
771	143	0	131	100	1045	0.76	0.74	0.75


Exact matching on brand
cor	inc	par	mis	spu	total	prec	recall	F1
63	4	0	113	3	180	0.9	0.35	0.5


Exact matching on group
cor	inc	par	mis	spu	total	prec	recall	F1
175	412	0	-133	132	454	0.24	0.39	0.3


Exact matching on drug_n
cor	inc	par	mis	spu	total	prec	recall	F1
11	0	0	81	3	92	0.79	0.12	0.21


MACRO-AVERAGE MEASURES:
P	R	F1
0.67	0.4	0.44
________________________________________________________________________

