SCORES FOR THE GROUP: LSTM_NER RUN=33

Strict matching (boundaries + type)
cor	inc	par	mis	spu	total	prec	recall	F1
1189	690	0	-108	95	1771	0.6	0.67	0.63



Exact matching
cor	inc	par	mis	spu	total	prec	recall	F1
1243	636	0	-108	95	1771	0.63	0.7	0.66



Partial matching
cor	inc	par	mis	spu	total	prec	recall	F1
1243	0	636	-108	95	1771	0.63	0.88	0.73



type matching
cor	inc	par	mis	spu	total	prec	recall	F1
1790	89	0	-108	95	1771	0.91	1.01	0.96



SCORES FOR ENTITY TYPE
Exact matching on drug
cor	inc	par	mis	spu	total	prec	recall	F1
835	129	0	81	62	1045	0.81	0.8	0.81


Exact matching on brand
cor	inc	par	mis	spu	total	prec	recall	F1
140	3	0	37	8	180	0.93	0.78	0.85


Exact matching on group
cor	inc	par	mis	spu	total	prec	recall	F1
185	468	0	-199	43	454	0.27	0.41	0.32


Exact matching on drug_n
cor	inc	par	mis	spu	total	prec	recall	F1
29	2	0	61	11	92	0.69	0.32	0.43


MACRO-AVERAGE MEASURES:
P	R	F1
0.67	0.57	0.6
________________________________________________________________________

