SCORES FOR THE GROUP: LSTM_NER RUN=28

Strict matching (boundaries + type)
cor	inc	par	mis	spu	total	prec	recall	F1
972	621	0	178	370	1771	0.5	0.55	0.52



Exact matching
cor	inc	par	mis	spu	total	prec	recall	F1
1041	552	0	178	370	1771	0.53	0.59	0.56



Partial matching
cor	inc	par	mis	spu	total	prec	recall	F1
1041	0	552	178	370	1771	0.53	0.74	0.62



type matching
cor	inc	par	mis	spu	total	prec	recall	F1
1497	96	0	178	370	1771	0.76	0.85	0.8



SCORES FOR ENTITY TYPE
Exact matching on drug
cor	inc	par	mis	spu	total	prec	recall	F1
661	120	0	264	167	1045	0.7	0.63	0.66


Exact matching on brand
cor	inc	par	mis	spu	total	prec	recall	F1
133	2	0	45	27	180	0.82	0.74	0.78


Exact matching on group
cor	inc	par	mis	spu	total	prec	recall	F1
169	404	0	-119	169	454	0.23	0.37	0.28


Exact matching on drug_n
cor	inc	par	mis	spu	total	prec	recall	F1
9	0	0	83	4	92	0.69	0.1	0.17


MACRO-AVERAGE MEASURES:
P	R	F1
0.61	0.46	0.47
________________________________________________________________________

