SCORES FOR THE GROUP: LSTM_NER RUN=21

Strict matching (boundaries + type)
cor	inc	par	mis	spu	total	prec	recall	F1
998	587	0	186	421	1771	0.5	0.56	0.53



Exact matching
cor	inc	par	mis	spu	total	prec	recall	F1
1047	538	0	186	421	1771	0.52	0.59	0.55



Partial matching
cor	inc	par	mis	spu	total	prec	recall	F1
1047	0	538	186	421	1771	0.52	0.74	0.61



type matching
cor	inc	par	mis	spu	total	prec	recall	F1
1491	94	0	186	421	1771	0.74	0.84	0.79



SCORES FOR ENTITY TYPE
Exact matching on drug
cor	inc	par	mis	spu	total	prec	recall	F1
717	118	0	210	229	1045	0.67	0.69	0.68


Exact matching on brand
cor	inc	par	mis	spu	total	prec	recall	F1
99	1	0	80	19	180	0.83	0.55	0.66


Exact matching on group
cor	inc	par	mis	spu	total	prec	recall	F1
172	375	0	-93	183	454	0.24	0.38	0.29


Exact matching on drug_n
cor	inc	par	mis	spu	total	prec	recall	F1
10	0	0	82	0	92	1	0.11	0.2


MACRO-AVERAGE MEASURES:
P	R	F1
0.69	0.43	0.46
________________________________________________________________________

