SCORES FOR THE GROUP: LSTM_NER RUN=49

Strict matching (boundaries + type)
cor	inc	par	mis	spu	total	prec	recall	F1
1188	730	0	-147	112	1771	0.59	0.67	0.63



Exact matching
cor	inc	par	mis	spu	total	prec	recall	F1
1240	678	0	-147	112	1771	0.61	0.7	0.65



Partial matching
cor	inc	par	mis	spu	total	prec	recall	F1
1240	0	678	-147	112	1771	0.61	0.89	0.72



type matching
cor	inc	par	mis	spu	total	prec	recall	F1
1827	91	0	-147	112	1771	0.9	1.03	0.96



SCORES FOR ENTITY TYPE
Exact matching on drug
cor	inc	par	mis	spu	total	prec	recall	F1
835	130	0	80	58	1045	0.82	0.8	0.81


Exact matching on brand
cor	inc	par	mis	spu	total	prec	recall	F1
129	2	0	49	6	180	0.94	0.72	0.81


Exact matching on group
cor	inc	par	mis	spu	total	prec	recall	F1
189	488	0	-223	60	454	0.26	0.42	0.32


Exact matching on drug_n
cor	inc	par	mis	spu	total	prec	recall	F1
35	21	0	36	14	92	0.5	0.38	0.43


MACRO-AVERAGE MEASURES:
P	R	F1
0.63	0.58	0.59
________________________________________________________________________

