SCORES FOR THE GROUP: LSTM_NER RUN=50

Strict matching (boundaries + type)
cor	inc	par	mis	spu	total	prec	recall	F1
1178	717	0	-124	111	1771	0.59	0.67	0.62



Exact matching
cor	inc	par	mis	spu	total	prec	recall	F1
1238	657	0	-124	111	1771	0.62	0.7	0.66



Partial matching
cor	inc	par	mis	spu	total	prec	recall	F1
1238	0	657	-124	111	1771	0.62	0.88	0.73



type matching
cor	inc	par	mis	spu	total	prec	recall	F1
1794	101	0	-124	111	1771	0.89	1.01	0.95



SCORES FOR ENTITY TYPE
Exact matching on drug
cor	inc	par	mis	spu	total	prec	recall	F1
845	137	0	63	67	1045	0.81	0.81	0.81


Exact matching on brand
cor	inc	par	mis	spu	total	prec	recall	F1
137	2	0	41	6	180	0.94	0.76	0.84


Exact matching on group
cor	inc	par	mis	spu	total	prec	recall	F1
188	479	0	-213	53	454	0.26	0.41	0.32


Exact matching on drug_n
cor	inc	par	mis	spu	total	prec	recall	F1
8	0	0	84	1	92	0.89	0.09	0.16


MACRO-AVERAGE MEASURES:
P	R	F1
0.73	0.52	0.53
________________________________________________________________________

