SCORES FOR THE GROUP: LSTM_NER RUN=35

Strict matching (boundaries + type)
cor	inc	par	mis	spu	total	prec	recall	F1
1212	708	0	-149	102	1771	0.6	0.68	0.64



Exact matching
cor	inc	par	mis	spu	total	prec	recall	F1
1262	658	0	-149	102	1771	0.62	0.71	0.67



Partial matching
cor	inc	par	mis	spu	total	prec	recall	F1
1262	0	658	-149	102	1771	0.62	0.9	0.74



type matching
cor	inc	par	mis	spu	total	prec	recall	F1
1830	90	0	-149	102	1771	0.91	1.03	0.96



SCORES FOR ENTITY TYPE
Exact matching on drug
cor	inc	par	mis	spu	total	prec	recall	F1
840	130	0	75	67	1045	0.81	0.8	0.81


Exact matching on brand
cor	inc	par	mis	spu	total	prec	recall	F1
145	3	0	32	3	180	0.96	0.81	0.88


Exact matching on group
cor	inc	par	mis	spu	total	prec	recall	F1
189	478	0	-213	46	454	0.27	0.42	0.32


Exact matching on drug_n
cor	inc	par	mis	spu	total	prec	recall	F1
38	9	0	45	17	92	0.59	0.41	0.49


MACRO-AVERAGE MEASURES:
P	R	F1
0.66	0.61	0.62
________________________________________________________________________

