SCORES FOR THE GROUP: LSTM_NER RUN=29

Strict matching (boundaries + type)
cor	inc	par	mis	spu	total	prec	recall	F1
987	514	0	270	261	1771	0.56	0.56	0.56



Exact matching
cor	inc	par	mis	spu	total	prec	recall	F1
1057	444	0	270	261	1771	0.6	0.6	0.6



Partial matching
cor	inc	par	mis	spu	total	prec	recall	F1
1057	0	444	270	261	1771	0.6	0.72	0.66



type matching
cor	inc	par	mis	spu	total	prec	recall	F1
1391	110	0	270	261	1771	0.79	0.79	0.79



SCORES FOR ENTITY TYPE
Exact matching on drug
cor	inc	par	mis	spu	total	prec	recall	F1
726	103	0	216	176	1045	0.72	0.69	0.71


Exact matching on brand
cor	inc	par	mis	spu	total	prec	recall	F1
113	1	0	66	14	180	0.88	0.63	0.73


Exact matching on group
cor	inc	par	mis	spu	total	prec	recall	F1
148	302	0	4	116	454	0.26	0.33	0.29


Exact matching on drug_n
cor	inc	par	mis	spu	total	prec	recall	F1
0	0	0	92	0	92	0	0	0


MACRO-AVERAGE MEASURES:
P	R	F1
0.47	0.41	0.43
________________________________________________________________________

