SCORES FOR THE GROUP: LSTM_NER RUN=25

Strict matching (boundaries + type)
cor	inc	par	mis	spu	total	prec	recall	F1
995	491	0	285	209	1771	0.59	0.56	0.57



Exact matching
cor	inc	par	mis	spu	total	prec	recall	F1
1058	428	0	285	209	1771	0.62	0.6	0.61



Partial matching
cor	inc	par	mis	spu	total	prec	recall	F1
1058	0	428	285	209	1771	0.62	0.72	0.67



type matching
cor	inc	par	mis	spu	total	prec	recall	F1
1386	100	0	285	209	1771	0.82	0.78	0.8



SCORES FOR ENTITY TYPE
Exact matching on drug
cor	inc	par	mis	spu	total	prec	recall	F1
732	97	0	216	89	1045	0.8	0.7	0.75


Exact matching on brand
cor	inc	par	mis	spu	total	prec	recall	F1
126	0	0	54	11	180	0.92	0.7	0.79


Exact matching on group
cor	inc	par	mis	spu	total	prec	recall	F1
137	294	0	23	118	454	0.25	0.3	0.27


Exact matching on drug_n
cor	inc	par	mis	spu	total	prec	recall	F1
0	0	0	92	0	92	0	0	0


MACRO-AVERAGE MEASURES:
P	R	F1
0.49	0.43	0.45
________________________________________________________________________

