SCORES FOR THE GROUP: LSTM_NER RUN=23

Strict matching (boundaries + type)
cor	inc	par	mis	spu	total	prec	recall	F1
1012	568	0	191	232	1771	0.56	0.57	0.56



Exact matching
cor	inc	par	mis	spu	total	prec	recall	F1
1118	462	0	191	232	1771	0.62	0.63	0.62



Partial matching
cor	inc	par	mis	spu	total	prec	recall	F1
1118	0	462	191	232	1771	0.62	0.76	0.68



type matching
cor	inc	par	mis	spu	total	prec	recall	F1
1435	145	0	191	232	1771	0.79	0.81	0.8



SCORES FOR ENTITY TYPE
Exact matching on drug
cor	inc	par	mis	spu	total	prec	recall	F1
788	117	0	140	145	1045	0.75	0.75	0.75


Exact matching on brand
cor	inc	par	mis	spu	total	prec	recall	F1
81	0	0	99	9	180	0.9	0.45	0.6


Exact matching on group
cor	inc	par	mis	spu	total	prec	recall	F1
143	306	0	5	88	454	0.27	0.31	0.29


Exact matching on drug_n
cor	inc	par	mis	spu	total	prec	recall	F1
0	0	0	92	0	92	0	0	0


MACRO-AVERAGE MEASURES:
P	R	F1
0.48	0.38	0.41
________________________________________________________________________

