SCORES FOR THE GROUP: LSTM_NER RUN=24

Strict matching (boundaries + type)
cor	inc	par	mis	spu	total	prec	recall	F1
1067	495	0	209	119	1771	0.63	0.6	0.62



Exact matching
cor	inc	par	mis	spu	total	prec	recall	F1
1151	411	0	209	119	1771	0.68	0.65	0.67



Partial matching
cor	inc	par	mis	spu	total	prec	recall	F1
1151	0	411	209	119	1771	0.68	0.77	0.72



type matching
cor	inc	par	mis	spu	total	prec	recall	F1
1421	141	0	209	119	1771	0.85	0.8	0.82



SCORES FOR ENTITY TYPE
Exact matching on drug
cor	inc	par	mis	spu	total	prec	recall	F1
810	121	0	114	108	1045	0.78	0.78	0.78


Exact matching on brand
cor	inc	par	mis	spu	total	prec	recall	F1
129	1	0	50	9	180	0.93	0.72	0.81


Exact matching on group
cor	inc	par	mis	spu	total	prec	recall	F1
128	233	0	93	30	454	0.33	0.28	0.3


Exact matching on drug_n
cor	inc	par	mis	spu	total	prec	recall	F1
0	0	0	92	0	92	0	0	0


MACRO-AVERAGE MEASURES:
P	R	F1
0.51	0.44	0.47
________________________________________________________________________

