SCORES FOR THE GROUP: LSTM_NER RUN=41

Strict matching (boundaries + type)
cor	inc	par	mis	spu	total	prec	recall	F1
1199	710	0	-138	105	1771	0.6	0.68	0.63



Exact matching
cor	inc	par	mis	spu	total	prec	recall	F1
1250	659	0	-138	105	1771	0.62	0.71	0.66



Partial matching
cor	inc	par	mis	spu	total	prec	recall	F1
1250	0	659	-138	105	1771	0.62	0.89	0.73



type matching
cor	inc	par	mis	spu	total	prec	recall	F1
1828	81	0	-138	105	1771	0.91	1.03	0.97



SCORES FOR ENTITY TYPE
Exact matching on drug
cor	inc	par	mis	spu	total	prec	recall	F1
851	127	0	67	67	1045	0.81	0.81	0.81


Exact matching on brand
cor	inc	par	mis	spu	total	prec	recall	F1
134	5	0	41	5	180	0.93	0.74	0.83


Exact matching on group
cor	inc	par	mis	spu	total	prec	recall	F1
189	490	0	-225	48	454	0.26	0.42	0.32


Exact matching on drug_n
cor	inc	par	mis	spu	total	prec	recall	F1
25	9	0	58	1	92	0.71	0.27	0.39


MACRO-AVERAGE MEASURES:
P	R	F1
0.68	0.56	0.59
________________________________________________________________________

