SCORES FOR THE GROUP: LSTM_NER RUN=10

Strict matching (boundaries + type)
cor	inc	par	mis	spu	total	prec	recall	F1
852	498	0	421	79	1771	0.6	0.48	0.53



Exact matching
cor	inc	par	mis	spu	total	prec	recall	F1
871	479	0	421	79	1771	0.61	0.49	0.54



Partial matching
cor	inc	par	mis	spu	total	prec	recall	F1
871	0	479	421	79	1771	0.61	0.63	0.62



type matching
cor	inc	par	mis	spu	total	prec	recall	F1
1305	45	0	421	79	1771	0.91	0.74	0.82



SCORES FOR ENTITY TYPE
Exact matching on drug
cor	inc	par	mis	spu	total	prec	recall	F1
650	100	0	295	22	1045	0.84	0.62	0.72


Exact matching on brand
cor	inc	par	mis	spu	total	prec	recall	F1
37	3	0	140	1	180	0.9	0.21	0.33


Exact matching on group
cor	inc	par	mis	spu	total	prec	recall	F1
165	350	0	-61	69	454	0.28	0.36	0.32


Exact matching on drug_n
cor	inc	par	mis	spu	total	prec	recall	F1
0	0	0	92	0	92	0	0	0


MACRO-AVERAGE MEASURES:
P	R	F1
0.51	0.3	0.34
________________________________________________________________________

