SCORES FOR THE GROUP: LSTM_NER RUN=9

Strict matching (boundaries + type)
cor	inc	par	mis	spu	total	prec	recall	F1
0	0	0	1771	0	1771	0	0	0



Exact matching
cor	inc	par	mis	spu	total	prec	recall	F1
0	0	0	1771	0	1771	0	0	0



Partial matching
cor	inc	par	mis	spu	total	prec	recall	F1
0	0	0	1771	0	1771	0	0	0



type matching
cor	inc	par	mis	spu	total	prec	recall	F1
0	0	0	1771	0	1771	0	0	0



SCORES FOR ENTITY TYPE
Exact matching on drug
cor	inc	par	mis	spu	total	prec	recall	F1
0	0	0	1045	0	1045	0	0	0


Exact matching on brand
cor	inc	par	mis	spu	total	prec	recall	F1
0	0	0	180	0	180	0	0	0


Exact matching on group
cor	inc	par	mis	spu	total	prec	recall	F1
0	0	0	454	0	454	0	0	0


Exact matching on drug_n
cor	inc	par	mis	spu	total	prec	recall	F1
0	0	0	92	0	92	0	0	0


MACRO-AVERAGE MEASURES:
P	R	F1
0	0	0
________________________________________________________________________

