SCORES FOR THE GROUP: LSTM_NER RUN=14

Strict matching (boundaries + type)
cor	inc	par	mis	spu	total	prec	recall	F1
1045	552	0	174	288	1771	0.55	0.59	0.57



Exact matching
cor	inc	par	mis	spu	total	prec	recall	F1
1127	470	0	174	288	1771	0.6	0.64	0.62



Partial matching
cor	inc	par	mis	spu	total	prec	recall	F1
1127	0	470	174	288	1771	0.6	0.77	0.67



type matching
cor	inc	par	mis	spu	total	prec	recall	F1
1475	122	0	174	288	1771	0.78	0.83	0.81



SCORES FOR ENTITY TYPE
Exact matching on drug
cor	inc	par	mis	spu	total	prec	recall	F1
779	96	0	170	114	1045	0.79	0.75	0.77


Exact matching on brand
cor	inc	par	mis	spu	total	prec	recall	F1
110	1	0	69	7	180	0.93	0.61	0.74


Exact matching on group
cor	inc	par	mis	spu	total	prec	recall	F1
156	333	0	-35	161	454	0.24	0.34	0.28


Exact matching on drug_n
cor	inc	par	mis	spu	total	prec	recall	F1
0	0	0	92	0	92	0	0	0


MACRO-AVERAGE MEASURES:
P	R	F1
0.49	0.43	0.45
________________________________________________________________________

