SCORES FOR THE GROUP: LSTM_NER RUN=38

Strict matching (boundaries + type)
cor	inc	par	mis	spu	total	prec	recall	F1
1219	740	0	-188	158	1771	0.58	0.69	0.63



Exact matching
cor	inc	par	mis	spu	total	prec	recall	F1
1286	673	0	-188	158	1771	0.61	0.73	0.66



Partial matching
cor	inc	par	mis	spu	total	prec	recall	F1
1286	0	673	-188	158	1771	0.61	0.92	0.73



type matching
cor	inc	par	mis	spu	total	prec	recall	F1
1838	121	0	-188	158	1771	0.87	1.04	0.95



SCORES FOR ENTITY TYPE
Exact matching on drug
cor	inc	par	mis	spu	total	prec	recall	F1
850	139	0	56	79	1045	0.8	0.81	0.8


Exact matching on brand
cor	inc	par	mis	spu	total	prec	recall	F1
139	3	0	38	6	180	0.94	0.77	0.85


Exact matching on group
cor	inc	par	mis	spu	total	prec	recall	F1
184	452	0	-182	41	454	0.27	0.41	0.33


Exact matching on drug_n
cor	inc	par	mis	spu	total	prec	recall	F1
46	25	0	21	35	92	0.43	0.5	0.46


MACRO-AVERAGE MEASURES:
P	R	F1
0.61	0.62	0.61
________________________________________________________________________

