SCORES FOR THE GROUP: LSTM_NER RUN=58

Strict matching (boundaries + type)
cor	inc	par	mis	spu	total	prec	recall	F1
1159	686	0	-74	111	1771	0.59	0.65	0.62



Exact matching
cor	inc	par	mis	spu	total	prec	recall	F1
1208	637	0	-74	111	1771	0.62	0.68	0.65



Partial matching
cor	inc	par	mis	spu	total	prec	recall	F1
1208	0	637	-74	111	1771	0.62	0.86	0.72



type matching
cor	inc	par	mis	spu	total	prec	recall	F1
1758	87	0	-74	111	1771	0.9	0.99	0.94



SCORES FOR ENTITY TYPE
Exact matching on drug
cor	inc	par	mis	spu	total	prec	recall	F1
801	119	0	125	31	1045	0.84	0.77	0.8


Exact matching on brand
cor	inc	par	mis	spu	total	prec	recall	F1
145	2	0	33	8	180	0.94	0.81	0.87


Exact matching on group
cor	inc	par	mis	spu	total	prec	recall	F1
187	461	0	-194	54	454	0.27	0.41	0.32


Exact matching on drug_n
cor	inc	par	mis	spu	total	prec	recall	F1
26	17	0	49	14	92	0.46	0.28	0.35


MACRO-AVERAGE MEASURES:
P	R	F1
0.63	0.57	0.59
________________________________________________________________________

