SCORES FOR THE GROUP: LSTM_NER RUN=43

Strict matching (boundaries + type)
cor	inc	par	mis	spu	total	prec	recall	F1
1190	776	0	-195	151	1771	0.56	0.67	0.61



Exact matching
cor	inc	par	mis	spu	total	prec	recall	F1
1264	702	0	-195	151	1771	0.6	0.71	0.65



Partial matching
cor	inc	par	mis	spu	total	prec	recall	F1
1264	0	702	-195	151	1771	0.6	0.91	0.72



type matching
cor	inc	par	mis	spu	total	prec	recall	F1
1844	122	0	-195	151	1771	0.87	1.04	0.95



SCORES FOR ENTITY TYPE
Exact matching on drug
cor	inc	par	mis	spu	total	prec	recall	F1
842	139	0	64	79	1045	0.79	0.81	0.8


Exact matching on brand
cor	inc	par	mis	spu	total	prec	recall	F1
130	2	0	48	6	180	0.94	0.72	0.82


Exact matching on group
cor	inc	par	mis	spu	total	prec	recall	F1
187	500	0	-233	63	454	0.25	0.41	0.31


Exact matching on drug_n
cor	inc	par	mis	spu	total	prec	recall	F1
31	17	0	44	14	92	0.5	0.34	0.4


MACRO-AVERAGE MEASURES:
P	R	F1
0.62	0.57	0.58
________________________________________________________________________

