SCORES FOR THE GROUP: LSTM_NER RUN=42

Strict matching (boundaries + type)
cor	inc	par	mis	spu	total	prec	recall	F1
1174	663	0	-66	102	1771	0.61	0.66	0.63



Exact matching
cor	inc	par	mis	spu	total	prec	recall	F1
1211	626	0	-66	102	1771	0.62	0.68	0.65



Partial matching
cor	inc	par	mis	spu	total	prec	recall	F1
1211	0	626	-66	102	1771	0.62	0.86	0.72



type matching
cor	inc	par	mis	spu	total	prec	recall	F1
1764	73	0	-66	102	1771	0.91	1	0.95



SCORES FOR ENTITY TYPE
Exact matching on drug
cor	inc	par	mis	spu	total	prec	recall	F1
827	130	0	88	58	1045	0.81	0.79	0.8


Exact matching on brand
cor	inc	par	mis	spu	total	prec	recall	F1
131	4	0	45	3	180	0.95	0.73	0.82


Exact matching on group
cor	inc	par	mis	spu	total	prec	recall	F1
183	455	0	-184	51	454	0.27	0.4	0.32


Exact matching on drug_n
cor	inc	par	mis	spu	total	prec	recall	F1
33	1	0	58	7	92	0.8	0.36	0.5


MACRO-AVERAGE MEASURES:
P	R	F1
0.71	0.57	0.61
________________________________________________________________________

