SCORES FOR THE GROUP: LSTM_NER RUN=2

Strict matching (boundaries + type)
cor	inc	par	mis	spu	total	prec	recall	F1
912	548	0	311	309	1771	0.52	0.51	0.52



Exact matching
cor	inc	par	mis	spu	total	prec	recall	F1
943	517	0	311	309	1771	0.53	0.53	0.53



Partial matching
cor	inc	par	mis	spu	total	prec	recall	F1
943	0	517	311	309	1771	0.53	0.68	0.6



type matching
cor	inc	par	mis	spu	total	prec	recall	F1
1409	51	0	311	309	1771	0.8	0.8	0.8



SCORES FOR ENTITY TYPE
Exact matching on drug
cor	inc	par	mis	spu	total	prec	recall	F1
693	113	0	239	153	1045	0.72	0.66	0.69


Exact matching on brand
cor	inc	par	mis	spu	total	prec	recall	F1
36	4	0	140	5	180	0.8	0.2	0.32


Exact matching on group
cor	inc	par	mis	spu	total	prec	recall	F1
172	380	0	-98	165	454	0.24	0.38	0.29


Exact matching on drug_n
cor	inc	par	mis	spu	total	prec	recall	F1
11	0	0	81	0	92	1	0.12	0.21


MACRO-AVERAGE MEASURES:
P	R	F1
0.69	0.34	0.38
________________________________________________________________________

