SCORES FOR THE GROUP: LSTM_NER RUN=57

Strict matching (boundaries + type)
cor	inc	par	mis	spu	total	prec	recall	F1
1179	706	0	-114	106	1771	0.59	0.67	0.63



Exact matching
cor	inc	par	mis	spu	total	prec	recall	F1
1232	653	0	-114	106	1771	0.62	0.7	0.65



Partial matching
cor	inc	par	mis	spu	total	prec	recall	F1
1232	0	653	-114	106	1771	0.62	0.88	0.73



type matching
cor	inc	par	mis	spu	total	prec	recall	F1
1786	99	0	-114	106	1771	0.9	1.01	0.95



SCORES FOR ENTITY TYPE
Exact matching on drug
cor	inc	par	mis	spu	total	prec	recall	F1
831	128	0	86	57	1045	0.82	0.8	0.81


Exact matching on brand
cor	inc	par	mis	spu	total	prec	recall	F1
137	2	0	41	5	180	0.95	0.76	0.85


Exact matching on group
cor	inc	par	mis	spu	total	prec	recall	F1
190	476	0	-212	56	454	0.26	0.42	0.32


Exact matching on drug_n
cor	inc	par	mis	spu	total	prec	recall	F1
21	1	0	70	1	92	0.91	0.23	0.37


MACRO-AVERAGE MEASURES:
P	R	F1
0.74	0.55	0.59
________________________________________________________________________

