SCORES FOR THE GROUP: LSTM_NER RUN=31

Strict matching (boundaries + type)
cor	inc	par	mis	spu	total	prec	recall	F1
1038	629	0	104	372	1771	0.51	0.59	0.54



Exact matching
cor	inc	par	mis	spu	total	prec	recall	F1
1092	575	0	104	372	1771	0.54	0.62	0.57



Partial matching
cor	inc	par	mis	spu	total	prec	recall	F1
1092	0	575	104	372	1771	0.54	0.78	0.63



type matching
cor	inc	par	mis	spu	total	prec	recall	F1
1582	85	0	104	372	1771	0.78	0.89	0.83



SCORES FOR ENTITY TYPE
Exact matching on drug
cor	inc	par	mis	spu	total	prec	recall	F1
722	128	0	195	163	1045	0.71	0.69	0.7


Exact matching on brand
cor	inc	par	mis	spu	total	prec	recall	F1
117	2	0	61	19	180	0.85	0.65	0.74


Exact matching on group
cor	inc	par	mis	spu	total	prec	recall	F1
173	409	0	-128	181	454	0.23	0.38	0.28


Exact matching on drug_n
cor	inc	par	mis	spu	total	prec	recall	F1
26	5	0	61	23	92	0.48	0.28	0.36


MACRO-AVERAGE MEASURES:
P	R	F1
0.57	0.5	0.52
________________________________________________________________________

