SCORES FOR THE GROUP: LSTM_NER RUN=46

Strict matching (boundaries + type)
cor	inc	par	mis	spu	total	prec	recall	F1
1200	705	0	-134	127	1771	0.59	0.68	0.63



Exact matching
cor	inc	par	mis	spu	total	prec	recall	F1
1252	653	0	-134	127	1771	0.62	0.71	0.66



Partial matching
cor	inc	par	mis	spu	total	prec	recall	F1
1252	0	653	-134	127	1771	0.62	0.89	0.73



type matching
cor	inc	par	mis	spu	total	prec	recall	F1
1822	83	0	-134	127	1771	0.9	1.03	0.96



SCORES FOR ENTITY TYPE
Exact matching on drug
cor	inc	par	mis	spu	total	prec	recall	F1
846	130	0	69	57	1045	0.82	0.81	0.81


Exact matching on brand
cor	inc	par	mis	spu	total	prec	recall	F1
137	4	0	39	4	180	0.94	0.76	0.84


Exact matching on group
cor	inc	par	mis	spu	total	prec	recall	F1
185	487	0	-218	58	454	0.25	0.41	0.31


Exact matching on drug_n
cor	inc	par	mis	spu	total	prec	recall	F1
32	4	0	56	10	92	0.7	0.35	0.46


MACRO-AVERAGE MEASURES:
P	R	F1
0.68	0.58	0.61
________________________________________________________________________

