SCORES FOR THE GROUP: LSTM_NER RUN=32

Strict matching (boundaries + type)
cor	inc	par	mis	spu	total	prec	recall	F1
1211	773	0	-213	184	1771	0.56	0.68	0.61



Exact matching
cor	inc	par	mis	spu	total	prec	recall	F1
1279	705	0	-213	184	1771	0.59	0.72	0.65



Partial matching
cor	inc	par	mis	spu	total	prec	recall	F1
1279	0	705	-213	184	1771	0.59	0.92	0.72



type matching
cor	inc	par	mis	spu	total	prec	recall	F1
1873	111	0	-213	184	1771	0.86	1.06	0.95



SCORES FOR ENTITY TYPE
Exact matching on drug
cor	inc	par	mis	spu	total	prec	recall	F1
847	135	0	63	76	1045	0.8	0.81	0.81


Exact matching on brand
cor	inc	par	mis	spu	total	prec	recall	F1
142	4	0	34	8	180	0.92	0.79	0.85


Exact matching on group
cor	inc	par	mis	spu	total	prec	recall	F1
192	505	0	-243	70	454	0.25	0.42	0.31


Exact matching on drug_n
cor	inc	par	mis	spu	total	prec	recall	F1
30	21	0	41	13	92	0.47	0.33	0.38


MACRO-AVERAGE MEASURES:
P	R	F1
0.61	0.59	0.59
________________________________________________________________________

