SCORES FOR THE GROUP: LSTM_NER RUN=55

Strict matching (boundaries + type)
cor	inc	par	mis	spu	total	prec	recall	F1
1205	714	0	-148	123	1771	0.59	0.68	0.63



Exact matching
cor	inc	par	mis	spu	total	prec	recall	F1
1271	648	0	-148	123	1771	0.62	0.72	0.67



Partial matching
cor	inc	par	mis	spu	total	prec	recall	F1
1271	0	648	-148	123	1771	0.62	0.9	0.74



type matching
cor	inc	par	mis	spu	total	prec	recall	F1
1804	115	0	-148	123	1771	0.88	1.02	0.95



SCORES FOR ENTITY TYPE
Exact matching on drug
cor	inc	par	mis	spu	total	prec	recall	F1
827	126	0	92	52	1045	0.82	0.79	0.81


Exact matching on brand
cor	inc	par	mis	spu	total	prec	recall	F1
147	5	0	28	7	180	0.92	0.82	0.87


Exact matching on group
cor	inc	par	mis	spu	total	prec	recall	F1
192	460	0	-198	55	454	0.27	0.42	0.33


Exact matching on drug_n
cor	inc	par	mis	spu	total	prec	recall	F1
39	8	0	45	21	92	0.57	0.42	0.49


MACRO-AVERAGE MEASURES:
P	R	F1
0.65	0.61	0.62
________________________________________________________________________

