SCORES FOR THE GROUP: LSTM_NER RUN=22

Strict matching (boundaries + type)
cor	inc	par	mis	spu	total	prec	recall	F1
985	439	0	347	130	1771	0.63	0.56	0.59



Exact matching
cor	inc	par	mis	spu	total	prec	recall	F1
1065	359	0	347	130	1771	0.69	0.6	0.64



Partial matching
cor	inc	par	mis	spu	total	prec	recall	F1
1065	0	359	347	130	1771	0.69	0.7	0.69



type matching
cor	inc	par	mis	spu	total	prec	recall	F1
1318	106	0	347	130	1771	0.85	0.74	0.79



SCORES FOR ENTITY TYPE
Exact matching on drug
cor	inc	par	mis	spu	total	prec	recall	F1
801	77	0	167	98	1045	0.82	0.77	0.79


Exact matching on brand
cor	inc	par	mis	spu	total	prec	recall	F1
59	0	0	121	8	180	0.88	0.33	0.48


Exact matching on group
cor	inc	par	mis	spu	total	prec	recall	F1
125	256	0	73	39	454	0.3	0.28	0.29


Exact matching on drug_n
cor	inc	par	mis	spu	total	prec	recall	F1
0	0	0	92	0	92	0	0	0


MACRO-AVERAGE MEASURES:
P	R	F1
0.5	0.34	0.39
________________________________________________________________________

