SCORES FOR THE GROUP: LSTM_NER RUN=7

Strict matching (boundaries + type)
cor	inc	par	mis	spu	total	prec	recall	F1
958	666	0	147	396	1771	0.47	0.54	0.51



Exact matching
cor	inc	par	mis	spu	total	prec	recall	F1
1055	569	0	147	396	1771	0.52	0.6	0.56



Partial matching
cor	inc	par	mis	spu	total	prec	recall	F1
1055	0	569	147	396	1771	0.52	0.76	0.62



type matching
cor	inc	par	mis	spu	total	prec	recall	F1
1476	148	0	147	396	1771	0.73	0.83	0.78



SCORES FOR ENTITY TYPE
Exact matching on drug
cor	inc	par	mis	spu	total	prec	recall	F1
756	123	0	166	279	1045	0.65	0.72	0.69


Exact matching on brand
cor	inc	par	mis	spu	total	prec	recall	F1
33	2	0	145	0	180	0.94	0.18	0.31


Exact matching on group
cor	inc	par	mis	spu	total	prec	recall	F1
169	393	0	-108	134	454	0.24	0.37	0.29


Exact matching on drug_n
cor	inc	par	mis	spu	total	prec	recall	F1
0	0	0	92	0	92	0	0	0


MACRO-AVERAGE MEASURES:
P	R	F1
0.46	0.32	0.32
________________________________________________________________________

