SCORES FOR THE GROUP: LSTM_NER RUN=40

Strict matching (boundaries + type)
cor	inc	par	mis	spu	total	prec	recall	F1
1232	763	0	-224	147	1771	0.58	0.7	0.63



Exact matching
cor	inc	par	mis	spu	total	prec	recall	F1
1290	705	0	-224	147	1771	0.6	0.73	0.66



Partial matching
cor	inc	par	mis	spu	total	prec	recall	F1
1290	0	705	-224	147	1771	0.6	0.93	0.73



type matching
cor	inc	par	mis	spu	total	prec	recall	F1
1888	107	0	-224	147	1771	0.88	1.07	0.96



SCORES FOR ENTITY TYPE
Exact matching on drug
cor	inc	par	mis	spu	total	prec	recall	F1
864	131	0	50	69	1045	0.81	0.83	0.82


Exact matching on brand
cor	inc	par	mis	spu	total	prec	recall	F1
145	5	0	30	5	180	0.94	0.81	0.87


Exact matching on group
cor	inc	par	mis	spu	total	prec	recall	F1
186	502	0	-234	48	454	0.25	0.41	0.31


Exact matching on drug_n
cor	inc	par	mis	spu	total	prec	recall	F1
37	18	0	37	17	92	0.51	0.4	0.45


MACRO-AVERAGE MEASURES:
P	R	F1
0.63	0.61	0.61
________________________________________________________________________

