SCORES FOR THE GROUP: LSTM_NER RUN=1

Strict matching (boundaries + type)
cor	inc	par	mis	spu	total	prec	recall	F1
947	645	0	179	349	1771	0.49	0.53	0.51



Exact matching
cor	inc	par	mis	spu	total	prec	recall	F1
1057	535	0	179	349	1771	0.54	0.6	0.57



Partial matching
cor	inc	par	mis	spu	total	prec	recall	F1
1057	0	535	179	349	1771	0.54	0.75	0.63



type matching
cor	inc	par	mis	spu	total	prec	recall	F1
1441	151	0	179	349	1771	0.74	0.81	0.78



SCORES FOR ENTITY TYPE
Exact matching on drug
cor	inc	par	mis	spu	total	prec	recall	F1
745	129	0	171	290	1045	0.64	0.71	0.67


Exact matching on brand
cor	inc	par	mis	spu	total	prec	recall	F1
31	2	0	147	1	180	0.91	0.17	0.29


Exact matching on group
cor	inc	par	mis	spu	total	prec	recall	F1
164	365	0	-75	103	454	0.26	0.36	0.3


Exact matching on drug_n
cor	inc	par	mis	spu	total	prec	recall	F1
7	0	0	85	0	92	1	0.08	0.14


MACRO-AVERAGE MEASURES:
P	R	F1
0.7	0.33	0.35
________________________________________________________________________

