SCORES FOR THE GROUP: LSTM_NER RUN=37

Strict matching (boundaries + type)
cor	inc	par	mis	spu	total	prec	recall	F1
1171	659	0	-59	82	1771	0.61	0.66	0.64



Exact matching
cor	inc	par	mis	spu	total	prec	recall	F1
1214	616	0	-59	82	1771	0.63	0.69	0.66



Partial matching
cor	inc	par	mis	spu	total	prec	recall	F1
1214	0	616	-59	82	1771	0.63	0.86	0.73



type matching
cor	inc	par	mis	spu	total	prec	recall	F1
1748	82	0	-59	82	1771	0.91	0.99	0.95



SCORES FOR ENTITY TYPE
Exact matching on drug
cor	inc	par	mis	spu	total	prec	recall	F1
811	121	0	113	49	1045	0.83	0.78	0.8


Exact matching on brand
cor	inc	par	mis	spu	total	prec	recall	F1
139	2	0	39	5	180	0.95	0.77	0.85


Exact matching on group
cor	inc	par	mis	spu	total	prec	recall	F1
186	443	0	-175	51	454	0.27	0.41	0.33


Exact matching on drug_n
cor	inc	par	mis	spu	total	prec	recall	F1
35	11	0	46	8	92	0.65	0.38	0.48


MACRO-AVERAGE MEASURES:
P	R	F1
0.68	0.58	0.62
________________________________________________________________________

