SCORES FOR THE GROUP: LSTM_NER RUN=8

Strict matching (boundaries + type)
cor	inc	par	mis	spu	total	prec	recall	F1
989	781	0	1	256	1771	0.49	0.56	0.52



Exact matching
cor	inc	par	mis	spu	total	prec	recall	F1
1179	591	0	1	256	1771	0.58	0.67	0.62



Partial matching
cor	inc	par	mis	spu	total	prec	recall	F1
1179	0	591	1	256	1771	0.58	0.83	0.69



type matching
cor	inc	par	mis	spu	total	prec	recall	F1
1503	267	0	1	256	1771	0.74	0.85	0.79



SCORES FOR ENTITY TYPE
Exact matching on drug
cor	inc	par	mis	spu	total	prec	recall	F1
811	115	0	119	185	1045	0.73	0.78	0.75


Exact matching on brand
cor	inc	par	mis	spu	total	prec	recall	F1
3	0	0	177	0	180	1	0.02	0.03


Exact matching on group
cor	inc	par	mis	spu	total	prec	recall	F1
175	399	0	-120	163	454	0.24	0.39	0.29


Exact matching on drug_n
cor	inc	par	mis	spu	total	prec	recall	F1
0	0	0	92	0	92	0	0	0


MACRO-AVERAGE MEASURES:
P	R	F1
0.49	0.29	0.27
________________________________________________________________________

